<?xml version="1.0" encoding="UTF-8"?>
<!-- Generated by org.testng.reporters.JUnitReportReporter -->
<testsuite hostname="AnkitPC" failures="0" tests="1" name="org.bescent.automation.Oct2024SeleniumBatch.Class3Selenium" time="1.826" errors="0" timestamp="2024-11-08T08:50:13 IST" skipped="0">
  <testcase classname="org.bescent.automation.Oct2024SeleniumBatch.Class3Selenium" name="loginToApp" time="1.826"/>
</testsuite> <!-- org.bescent.automation.Oct2024SeleniumBatch.Class3Selenium -->
